<?xml version="1.0" encoding="UTF-8"?>
<testng-results ignored="0" total="1" passed="1" failed="0" skipped="0">
  <reporter-output>
  </reporter-output>
  <suite started-at="2024-01-15T20:51:59 IST" name="Suite" finished-at="2024-01-15T20:52:07 IST" duration-ms="8218">
    <groups>
    </groups>
    <test started-at="2024-01-15T20:51:59 IST" name="Test" finished-at="2024-01-15T20:52:07 IST" duration-ms="8218">
      <class name="vaccine_Tests.Test_VaccineFinder">
        <test-method is-config="true" signature="setup()[pri:0, instance:vaccine_Tests.Test_VaccineFinder@18df8434]" started-at="2024-01-15T20:51:59 IST" name="setup" finished-at="2024-01-15T20:52:02 IST" duration-ms="2647" status="PASS">
          <reporter-output>
          </reporter-output>
        </test-method> <!-- setup -->
        <test-method signature="clickonCovidCases()[pri:0, instance:vaccine_Tests.Test_VaccineFinder@18df8434]" started-at="2024-01-15T20:52:02 IST" name="clickonCovidCases" finished-at="2024-01-15T20:52:07 IST" duration-ms="5309" status="PASS">
          <reporter-output>
          </reporter-output>
        </test-method> <!-- clickonCovidCases -->
        <test-method is-config="true" signature="teardown()[pri:0, instance:vaccine_Tests.Test_VaccineFinder@18df8434]" started-at="2024-01-15T20:52:07 IST" name="teardown" finished-at="2024-01-15T20:52:07 IST" duration-ms="186" status="PASS">
          <reporter-output>
          </reporter-output>
        </test-method> <!-- teardown -->
      </class> <!-- vaccine_Tests.Test_VaccineFinder -->
    </test> <!-- Test -->
  </suite> <!-- Suite -->
</testng-results>
